<?xml version="1.0" encoding="UTF-8"?>
<testng-results ignored="0" total="1" passed="1" failed="0" skipped="0">
  <reporter-output>
  </reporter-output>
  <suite started-at="2026-07-17T17:31:10 IDT" name="Default suite" finished-at="2026-07-17T17:31:37 IDT" duration-ms="26781">
    <groups>
    </groups>
    <test started-at="2026-07-17T17:31:10 IDT" name="Default test" finished-at="2026-07-17T17:31:37 IDT" duration-ms="26781">
      <class name="mainTesting.MathematicalCalculations">
        <test-method is-config="true" signature="setup()[pri:0, instance:mainTesting.MathematicalCalculations@60f00693]" started-at="2026-07-17T17:31:10 IDT" name="setup" finished-at="2026-07-17T17:31:10 IDT" duration-ms="16" status="PASS">
          <reporter-output>
          </reporter-output>
        </test-method> <!-- setup -->
        <test-method signature="Opterations()[pri:0, instance:mainTesting.MathematicalCalculations@60f00693]" started-at="2026-07-17T17:31:10 IDT" name="Opterations" finished-at="2026-07-17T17:31:37 IDT" duration-ms="26719" status="PASS">
          <reporter-output>
          </reporter-output>
        </test-method> <!-- Opterations -->
        <test-method is-config="true" signature="afterTest()[pri:0, instance:mainTesting.MathematicalCalculations@60f00693]" started-at="2026-07-17T17:31:37 IDT" name="afterTest" finished-at="2026-07-17T17:31:37 IDT" duration-ms="3" status="PASS">
          <reporter-output>
          </reporter-output>
        </test-method> <!-- afterTest -->
      </class> <!-- mainTesting.MathematicalCalculations -->
    </test> <!-- Default test -->
  </suite> <!-- Default suite -->
</testng-results>
