<?xml version="1.0" encoding="UTF-8"?>
<testng-results ignored="0" total="1" passed="1" failed="0" skipped="0">
  <reporter-output>
  </reporter-output>
  <suite started-at="2026-07-17T16:51:22 IDT" name="Default suite" finished-at="2026-07-17T16:51:38 IDT" duration-ms="15901">
    <groups>
    </groups>
    <test started-at="2026-07-17T16:51:22 IDT" name="Default test" finished-at="2026-07-17T16:51:38 IDT" duration-ms="15901">
      <class name="mainTesting.CalculatorOperations">
        <test-method is-config="true" signature="setup()[pri:0, instance:mainTesting.CalculatorOperations@5884a914]" started-at="2026-07-17T16:51:22 IDT" name="setup" finished-at="2026-07-17T16:51:22 IDT" duration-ms="21" status="PASS">
          <reporter-output>
          </reporter-output>
        </test-method> <!-- setup -->
        <test-method signature="addTwoNumber()[pri:0, instance:mainTesting.CalculatorOperations@5884a914]" started-at="2026-07-17T16:51:22 IDT" name="addTwoNumber" finished-at="2026-07-17T16:51:38 IDT" duration-ms="15836" status="PASS">
          <reporter-output>
          </reporter-output>
        </test-method> <!-- addTwoNumber -->
        <test-method is-config="true" signature="afterTest()[pri:0, instance:mainTesting.CalculatorOperations@5884a914]" started-at="2026-07-17T16:51:38 IDT" name="afterTest" finished-at="2026-07-17T16:51:38 IDT" duration-ms="1" status="PASS">
          <reporter-output>
          </reporter-output>
        </test-method> <!-- afterTest -->
      </class> <!-- mainTesting.CalculatorOperations -->
    </test> <!-- Default test -->
  </suite> <!-- Default suite -->
</testng-results>
